[debug] [2025-09-19T02:03:39.288Z] ----------------------------------------------------------------------
[debug] [2025-09-19T02:03:39.290Z] Command:       C:\Program Files\nodejs\node.exe C:\Users\mohdn\AppData\Roaming\npm\node_modules\firebase-tools\lib\bin\firebase.js init hosting
[debug] [2025-09-19T02:03:39.290Z] CLI Version:   14.17.0
[debug] [2025-09-19T02:03:39.290Z] Platform:      win32
[debug] [2025-09-19T02:03:39.291Z] Node Version:  v22.18.0
[debug] [2025-09-19T02:03:39.291Z] Time:          Fri Sep 19 2025 07:33:39 GMT+0530 (India Standard Time)
[debug] [2025-09-19T02:03:39.291Z] ----------------------------------------------------------------------
[debug] 
[debug] [2025-09-19T02:03:39.295Z] > command requires scopes: ["email","openid","https://www.googleapis.com/auth/cloudplatformprojects.readonly","https://www.googleapis.com/auth/firebase","https://www.googleapis.com/auth/cloud-platform"]
[debug] [2025-09-19T02:03:39.295Z] > authorizing via signed-in user (mohdnabeel2pc@gmail.com)
[info] 
     ######## #### ########  ######## ########     ###     ######  ########
     ##        ##  ##     ## ##       ##     ##  ##   ##  ##       ##
     ######    ##  ########  ######   ########  #########  ######  ######
     ##        ##  ##    ##  ##       ##     ## ##     ##       ## ##
     ##       #### ##     ## ######## ########  ##     ##  ######  ########

You're about to initialize a Firebase project in this directory:

  C:\Users\mohdn\OneDrive\Desktop\mess-app-starter

[info] 
=== Project Setup
[info] 
[info] First, let's associate this project directory with a Firebase project.
[info] You can create multiple project aliases by running firebase use --add, 
[info] but for now we'll just set up a default project.
[info] 
[debug] [2025-09-19T02:04:25.264Z] Checked if tokens are valid: true, expires at: 1758250961618
[debug] [2025-09-19T02:04:25.265Z] Checked if tokens are valid: true, expires at: 1758250961618
[debug] [2025-09-19T02:04:25.267Z] >>> [apiv2][query] GET https://firebase.googleapis.com/v1beta1/projects pageSize=100
[debug] [2025-09-19T02:04:26.729Z] <<< [apiv2][status] GET https://firebase.googleapis.com/v1beta1/projects 200
[debug] [2025-09-19T02:04:26.729Z] <<< [apiv2][body] GET https://firebase.googleapis.com/v1beta1/projects [omitted]
[info] i  Using project mess-app-dab87 (mess-app) 
[info] 
=== Hosting Setup
[debug] [2025-09-19T02:07:02.158Z] Checked if tokens are valid: true, expires at: 1758250961618
[debug] [2025-09-19T02:07:02.158Z] Checked if tokens are valid: true, expires at: 1758250961618
[debug] [2025-09-19T02:07:02.158Z] >>> [apiv2][query] GET https://firebase.googleapis.com/v1beta1/projects/mess-app-dab87 [none]
[debug] [2025-09-19T02:07:03.395Z] <<< [apiv2][status] GET https://firebase.googleapis.com/v1beta1/projects/mess-app-dab87 200
[debug] [2025-09-19T02:07:03.395Z] <<< [apiv2][body] GET https://firebase.googleapis.com/v1beta1/projects/mess-app-dab87 {"projectId":"mess-app-dab87","projectNumber":"866142996355","displayName":"mess-app","name":"projects/mess-app-dab87","resources":{"hostingSite":"mess-app-dab87"},"state":"ACTIVE","etag":"1_5ec6ed1f-a3a0-4668-9fd0-4ab449c1fd00"}
[info] 
[info] Your public directory is the folder (relative to your project directory) that
[info] will contain Hosting assets to be uploaded with firebase deploy. If you
[info] have a build process for your assets, use your build's output directory.
[info] 
[debug] [2025-09-19T02:10:48.787Z] >>> [apiv2][query] GET https://www.gstatic.com/firebasejs/releases.json [none]
[debug] [2025-09-19T02:10:48.924Z] <<< [apiv2][status] GET https://www.gstatic.com/firebasejs/releases.json 200
[debug] [2025-09-19T02:10:48.924Z] <<< [apiv2][body] GET https://www.gstatic.com/firebasejs/releases.json {"current":{"version":"12.3.0","browserURL":"https://www.gstatic.com/firebasejs/12.3.0/firebase.js","packageURL":"https://www.gstatic.com/firebasejs/12.3.0/firebase.tgz"},"live":{"version":"12.3","browserURL":"https://www.gstatic.com/firebasejs/live/12.3/firebase.js","packageURL":"https://www.gstatic.com/firebasejs/live/12.3/firebase.tgz"},"components":{"ai":"https://www.gstatic.com/firebasejs/12.3.0/firebase-ai.js","analytics":"https://www.gstatic.com/firebasejs/12.3.0/firebase-analytics.js","app":"https://www.gstatic.com/firebasejs/12.3.0/firebase-app.js","app-check":"https://www.gstatic.com/firebasejs/12.3.0/firebase-app-check.js","auth":"https://www.gstatic.com/firebasejs/12.3.0/firebase-auth.js","auth/cordova":"https://www.gstatic.com/firebasejs/12.3.0/firebase-auth/cordova.js","auth/web-extension":"https://www.gstatic.com/firebasejs/12.3.0/firebase-auth/web-extension.js","functions":"https://www.gstatic.com/firebasejs/12.3.0/firebase-functions.js","firestore":"https://www.gstatic.com/firebasejs/12.3.0/firebase-firestore.js","firestore/lite":"https://www.gstatic.com/firebasejs/12.3.0/firebase-firestore/lite.js","installations":"https://www.gstatic.com/firebasejs/12.3.0/firebase-installations.js","storage":"https://www.gstatic.com/firebasejs/12.3.0/firebase-storage.js","performance":"https://www.gstatic.com/firebasejs/12.3.0/firebase-performance.js","remote-config":"https://www.gstatic.com/firebasejs/12.3.0/firebase-remote-config.js","messaging":"https://www.gstatic.com/firebasejs/12.3.0/firebase-messaging.js","messaging/sw":"https://www.gstatic.com/firebasejs/12.3.0/firebase-messaging/sw.js","database":"https://www.gstatic.com/firebasejs/12.3.0/firebase-database.js","data-connect":"https://www.gstatic.com/firebasejs/12.3.0/firebase-data-connect.js","firestore.memory":"https://www.gstatic.com/firebasejs/12.3.0/firebase-firestore.memory.js"}}
[info] +  Wrote build/index.html 
[info] 
[info] i  Didn't detect a .git folder. Assuming C:\Users\mohdn\OneDrive\Desktop\mess-app-starter is the project root. 
[info] i  Authorizing with GitHub to upload your service account to a GitHub repository's secrets store. 
[info] 
[info] Visit this URL on this device to log in:
[info] https://github.com/login/oauth/authorize?client_id=89cf50f02ac6aaed3484&state=607913713&redirect_uri=http%3A%2F%2Flocalhost%3A9005&scope=read%3Auser%20repo%20public_repo
[info] 
[info] Waiting for authentication...
[debug] [2025-09-19T02:11:40.415Z] >>> [apiv2][query] POST https://github.com/login/oauth/access_token [none]
[debug] [2025-09-19T02:11:40.415Z] >>> [apiv2][body] POST https://github.com/login/oauth/access_token [stream]
[debug] [2025-09-19T02:11:40.979Z] <<< [apiv2][status] POST https://github.com/login/oauth/access_token 200
[debug] [2025-09-19T02:11:40.979Z] <<< [apiv2][body] POST https://github.com/login/oauth/access_token {"access_token":"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","token_type":"bearer","scope":"read:user,repo"}
[debug] [2025-09-19T02:11:40.982Z] >>> [apiv2][query] GET https://api.github.com/user [none]
[debug] [2025-09-19T02:11:41.509Z] <<< [apiv2][status] GET https://api.github.com/user 200
[debug] [2025-09-19T02:11:41.509Z] <<< [apiv2][body] GET https://api.github.com/user {"login":"Nabeeljr11","id":190643065,"node_id":"U_kgDOC1z7eQ","avatar_url":"https://avatars.githubusercontent.com/u/190643065?v=4","gravatar_id":"","url":"https://api.github.com/users/Nabeeljr11","html_url":"https://github.com/Nabeeljr11","followers_url":"https://api.github.com/users/Nabeeljr11/followers","following_url":"https://api.github.com/users/Nabeeljr11/following{/other_user}","gists_url":"https://api.github.com/users/Nabeeljr11/gists{/gist_id}","starred_url":"https://api.github.com/users/Nabeeljr11/starred{/owner}{/repo}","subscriptions_url":"https://api.github.com/users/Nabeeljr11/subscriptions","organizations_url":"https://api.github.com/users/Nabeeljr11/orgs","repos_url":"https://api.github.com/users/Nabeeljr11/repos","events_url":"https://api.github.com/users/Nabeeljr11/events{/privacy}","received_events_url":"https://api.github.com/users/Nabeeljr11/received_events","type":"User","user_view_type":"private","site_admin":false,"name":null,"company":null,"blog":"","location":null,"email":null,"hireable":null,"bio":null,"twitter_username":null,"notification_email":null,"public_repos":0,"public_gists":0,"followers":0,"following":1,"created_at":"2024-12-04T17:32:44Z","updated_at":"2024-12-19T14:18:38Z","private_gists":0,"total_private_repos":0,"owned_private_repos":0,"disk_usage":0,"collaborators":0,"two_factor_authentication":false,"plan":{"name":"free","space":976562499,"collaborators":0,"private_repos":10000}}
[info] 
[info] +  Success! Logged into GitHub as Nabeeljr11 
[info] 
